{"C:\\proger\\it-incubator\\bloggers\\src\\composition-root.ts": {"path":"C:\\proger\\it-incubator\\bloggers\\src\\composition-root.ts","statementMap":{"0":{"start":{"line":1,"column":0},"end":{"line":1,"column":25}},"1":{"start":{"line":2,"column":0},"end":{"line":2,"column":36}},"2":{"start":{"line":3,"column":0},"end":{"line":3,"column":52}},"3":{"start":{"line":4,"column":0},"end":{"line":4,"column":62}},"4":{"start":{"line":5,"column":0},"end":{"line":5,"column":54}},"5":{"start":{"line":6,"column":0},"end":{"line":6,"column":53}},"6":{"start":{"line":7,"column":0},"end":{"line":7,"column":63}},"7":{"start":{"line":8,"column":0},"end":{"line":8,"column":61}},"8":{"start":{"line":9,"column":0},"end":{"line":9,"column":68}},"9":{"start":{"line":10,"column":0},"end":{"line":10,"column":58}},"10":{"start":{"line":11,"column":0},"end":{"line":11,"column":62}},"11":{"start":{"line":12,"column":0},"end":{"line":12,"column":52}},"12":{"start":{"line":13,"column":0},"end":{"line":13,"column":69}},"13":{"start":{"line":14,"column":0},"end":{"line":14,"column":68}},"14":{"start":{"line":15,"column":0},"end":{"line":15,"column":58}},"15":{"start":{"line":16,"column":0},"end":{"line":16,"column":69}},"16":{"start":{"line":17,"column":0},"end":{"line":17,"column":63}},"17":{"start":{"line":18,"column":0},"end":{"line":18,"column":54}},"18":{"start":{"line":19,"column":0},"end":{"line":19,"column":63}},"19":{"start":{"line":20,"column":0},"end":{"line":20,"column":67}},"20":{"start":{"line":21,"column":0},"end":{"line":21,"column":73}},"21":{"start":{"line":23,"column":0},"end":{"line":23,"column":61}},"22":{"start":{"line":24,"column":0},"end":{"line":24,"column":50}},"23":{"start":{"line":25,"column":0},"end":{"line":25,"column":60}},"24":{"start":{"line":26,"column":0},"end":{"line":26,"column":70}},"25":{"start":{"line":27,"column":0},"end":{"line":27,"column":60}},"26":{"start":{"line":28,"column":0},"end":{"line":28,"column":71}},"27":{"start":{"line":31,"column":21},"end":{"line":31,"column":39}},"28":{"start":{"line":32,"column":21},"end":{"line":32,"column":51}},"29":{"start":{"line":34,"column":13},"end":{"line":34,"column":null}},"30":{"start":{"line":36,"column":24},"end":{"line":36,"column":45}},"31":{"start":{"line":37,"column":13},"end":{"line":37,"column":null}},"32":{"start":{"line":38,"column":13},"end":{"line":38,"column":null}},"33":{"start":{"line":41,"column":13},"end":{"line":41,"column":null}},"34":{"start":{"line":43,"column":27},"end":{"line":43,"column":51}},"35":{"start":{"line":44,"column":24},"end":{"line":44,"column":63}},"36":{"start":{"line":45,"column":13},"end":{"line":45,"column":null}},"37":{"start":{"line":47,"column":24},"end":{"line":47,"column":45}},"38":{"start":{"line":48,"column":27},"end":{"line":48,"column":51}},"39":{"start":{"line":49,"column":13},"end":{"line":49,"column":null}},"40":{"start":{"line":50,"column":29},"end":{"line":50,"column":55}},"41":{"start":{"line":51,"column":21},"end":{"line":51,"column":93}},"42":{"start":{"line":52,"column":13},"end":{"line":52,"column":null}},"43":{"start":{"line":54,"column":13},"end":{"line":54,"column":null}},"44":{"start":{"line":60,"column":13},"end":{"line":60,"column":null}},"45":{"start":{"line":62,"column":28},"end":{"line":62,"column":53}},"46":{"start":{"line":63,"column":25},"end":{"line":63,"column":66}},"47":{"start":{"line":64,"column":28},"end":{"line":64,"column":69}},"48":{"start":{"line":67,"column":23},"end":{"line":67,"column":43}},"49":{"start":{"line":68,"column":20},"end":{"line":68,"column":69}},"50":{"start":{"line":69,"column":23},"end":{"line":69,"column":54}},"51":{"start":{"line":71,"column":13},"end":{"line":71,"column":null}},"52":{"start":{"line":73,"column":0},"end":{"line":73,"column":null}},"53":{"start":{"line":75,"column":0},"end":{"line":75,"column":null}},"54":{"start":{"line":76,"column":0},"end":{"line":76,"column":null}},"55":{"start":{"line":77,"column":0},"end":{"line":77,"column":null}},"56":{"start":{"line":79,"column":0},"end":{"line":79,"column":null}},"57":{"start":{"line":81,"column":0},"end":{"line":81,"column":null}},"58":{"start":{"line":82,"column":0},"end":{"line":82,"column":null}},"59":{"start":{"line":83,"column":0},"end":{"line":83,"column":null}},"60":{"start":{"line":85,"column":0},"end":{"line":85,"column":null}},"61":{"start":{"line":87,"column":0},"end":{"line":87,"column":null}},"62":{"start":{"line":88,"column":0},"end":{"line":88,"column":null}},"63":{"start":{"line":89,"column":0},"end":{"line":89,"column":null}},"64":{"start":{"line":91,"column":0},"end":{"line":91,"column":null}},"65":{"start":{"line":92,"column":0},"end":{"line":92,"column":null}},"66":{"start":{"line":93,"column":0},"end":{"line":93,"column":null}},"67":{"start":{"line":95,"column":0},"end":{"line":95,"column":null}},"68":{"start":{"line":96,"column":0},"end":{"line":96,"column":null}},"69":{"start":{"line":97,"column":0},"end":{"line":97,"column":null}},"70":{"start":{"line":99,"column":0},"end":{"line":99,"column":null}},"71":{"start":{"line":101,"column":0},"end":{"line":101,"column":null}},"72":{"start":{"line":102,"column":0},"end":{"line":102,"column":null}},"73":{"start":{"line":103,"column":0},"end":{"line":103,"column":null}},"74":{"start":{"line":105,"column":0},"end":{"line":105,"column":null}},"75":{"start":{"line":106,"column":0},"end":{"line":106,"column":null}},"76":{"start":{"line":107,"column":0},"end":{"line":107,"column":null}}},"fnMap":{},"branchMap":{},"s":{"0":3,"1":3,"2":3,"3":3,"4":3,"5":3,"6":3,"7":3,"8":3,"9":3,"10":3,"11":3,"12":3,"13":3,"14":3,"15":3,"16":3,"17":3,"18":3,"19":3,"20":3,"21":3,"22":3,"23":3,"24":3,"25":3,"26":3,"27":3,"28":3,"29":3,"30":3,"31":3,"32":3,"33":3,"34":3,"35":3,"36":3,"37":3,"38":3,"39":3,"40":3,"41":3,"42":3,"43":3,"44":3,"45":3,"46":3,"47":3,"48":3,"49":3,"50":3,"51":3,"52":3,"53":3,"54":3,"55":3,"56":3,"57":3,"58":3,"59":3,"60":3,"61":3,"62":3,"63":3,"64":3,"65":3,"66":3,"67":3,"68":3,"69":3,"70":3,"71":3,"72":3,"73":3,"74":3,"75":3,"76":3},"f":{},"b":{}}
,"C:\\proger\\it-incubator\\bloggers\\src\\domain\\quiz-service.ts": {"path":"C:\\proger\\it-incubator\\bloggers\\src\\domain\\quiz-service.ts","statementMap":{"0":{"start":{"line":1,"column":0},"end":{"line":1,"column":45}},"1":{"start":{"line":2,"column":0},"end":{"line":2,"column":61}},"2":{"start":{"line":3,"column":0},"end":{"line":3,"column":33}},"3":{"start":{"line":4,"column":0},"end":{"line":4,"column":53}},"4":{"start":{"line":5,"column":0},"end":{"line":5,"column":95}},"5":{"start":{"line":6,"column":0},"end":{"line":6,"column":46}},"6":{"start":{"line":7,"column":0},"end":{"line":7,"column":47}},"7":{"start":{"line":9,"column":0},"end":{"line":9,"column":null}},"8":{"start":{"line":10,"column":4},"end":{"line":10,"column":null}},"9":{"start":{"line":11,"column":4},"end":{"line":11,"column":null}},"10":{"start":{"line":12,"column":4},"end":{"line":12,"column":null}},"11":{"start":{"line":16,"column":0},"end":{"line":16,"column":null}},"12":{"start":{"line":17,"column":4},"end":{"line":17,"column":null}},"13":{"start":{"line":18,"column":4},"end":{"line":18,"column":null}},"14":{"start":{"line":60,"column":20},"end":{"line":75,"column":1}},"15":{"start":{"line":61,"column":26},"end":{"line":61,"column":100}},"16":{"start":{"line":62,"column":39},"end":{"line":62,"column":68}},"17":{"start":{"line":64,"column":4},"end":{"line":69,"column":null}},"18":{"start":{"line":65,"column":8},"end":{"line":65,"column":null}},"19":{"start":{"line":66,"column":11},"end":{"line":69,"column":null}},"20":{"start":{"line":68,"column":8},"end":{"line":68,"column":null}},"21":{"start":{"line":70,"column":4},"end":{"line":73,"column":null}},"22":{"start":{"line":71,"column":34},"end":{"line":71,"column":36}},"23":{"start":{"line":71,"column":30},"end":{"line":71,"column":34}},"24":{"start":{"line":72,"column":8},"end":{"line":72,"column":null}},"25":{"start":{"line":74,"column":4},"end":{"line":74,"column":null}},"26":{"start":{"line":78,"column":0},"end":{"line":231,"column":null}},"27":{"start":{"line":79,"column":50},"end":{"line":79,"column":66}},"28":{"start":{"line":80,"column":52},"end":{"line":80,"column":69}},"29":{"start":{"line":84,"column":30},"end":{"line":84,"column":80}},"30":{"start":{"line":85,"column":8},"end":{"line":85,"column":null}},"31":{"start":{"line":85,"column":27},"end":{"line":85,"column":null}},"32":{"start":{"line":86,"column":40},"end":{"line":86,"column":95}},"33":{"start":{"line":87,"column":8},"end":{"line":109,"column":null}},"34":{"start":{"line":88,"column":30},"end":{"line":88,"column":78}},"35":{"start":{"line":89,"column":12},"end":{"line":89,"column":null}},"36":{"start":{"line":89,"column":28},"end":{"line":89,"column":null}},"37":{"start":{"line":90,"column":46},"end":{"line":107,"column":null}},"38":{"start":{"line":108,"column":12},"end":{"line":108,"column":null}},"39":{"start":{"line":110,"column":8},"end":{"line":110,"column":null}},"40":{"start":{"line":115,"column":27},"end":{"line":115,"column":76}},"41":{"start":{"line":116,"column":8},"end":{"line":116,"column":null}},"42":{"start":{"line":116,"column":25},"end":{"line":116,"column":null}},"43":{"start":{"line":118,"column":44},"end":{"line":118,"column":54}},"44":{"start":{"line":120,"column":41},"end":{"line":120,"column":104}},"45":{"start":{"line":121,"column":30},"end":{"line":121,"column":89}},"46":{"start":{"line":122,"column":30},"end":{"line":122,"column":91}},"47":{"start":{"line":125,"column":23},"end":{"line":125,"column":66}},"48":{"start":{"line":126,"column":8},"end":{"line":139,"column":null}},"49":{"start":{"line":127,"column":39},"end":{"line":137,"column":null}},"50":{"start":{"line":138,"column":12},"end":{"line":138,"column":null}},"51":{"start":{"line":141,"column":37},"end":{"line":141,"column":66}},"52":{"start":{"line":142,"column":8},"end":{"line":142,"column":null}},"53":{"start":{"line":142,"column":66},"end":{"line":142,"column":null}},"54":{"start":{"line":144,"column":29},"end":{"line":148,"column":null}},"55":{"start":{"line":150,"column":8},"end":{"line":150,"column":null}},"56":{"start":{"line":152,"column":21},"end":{"line":152,"column":22}},"57":{"start":{"line":153,"column":8},"end":{"line":153,"column":null}},"58":{"start":{"line":153,"column":68},"end":{"line":153,"column":null}},"59":{"start":{"line":154,"column":8},"end":{"line":160,"column":null}},"60":{"start":{"line":157,"column":105},"end":{"line":157,"column":149}},"61":{"start":{"line":159,"column":12},"end":{"line":159,"column":null}},"62":{"start":{"line":162,"column":8},"end":{"line":162,"column":null}},"63":{"start":{"line":162,"column":24},"end":{"line":162,"column":null}},"64":{"start":{"line":164,"column":8},"end":{"line":190,"column":null}},"65":{"start":{"line":167,"column":12},"end":{"line":167,"column":null}},"66":{"start":{"line":169,"column":29},"end":{"line":169,"column":58}},"67":{"start":{"line":170,"column":35},"end":{"line":170,"column":55}},"68":{"start":{"line":172,"column":12},"end":{"line":172,"column":null}},"69":{"start":{"line":173,"column":12},"end":{"line":173,"column":null}},"70":{"start":{"line":174,"column":12},"end":{"line":187,"column":null}},"71":{"start":{"line":175,"column":16},"end":{"line":175,"column":null}},"72":{"start":{"line":176,"column":16},"end":{"line":176,"column":null}},"73":{"start":{"line":177,"column":16},"end":{"line":177,"column":null}},"74":{"start":{"line":178,"column":19},"end":{"line":187,"column":null}},"75":{"start":{"line":179,"column":16},"end":{"line":179,"column":null}},"76":{"start":{"line":180,"column":16},"end":{"line":180,"column":null}},"77":{"start":{"line":181,"column":16},"end":{"line":181,"column":null}},"78":{"start":{"line":182,"column":16},"end":{"line":182,"column":null}},"79":{"start":{"line":184,"column":16},"end":{"line":184,"column":null}},"80":{"start":{"line":185,"column":16},"end":{"line":185,"column":null}},"81":{"start":{"line":186,"column":16},"end":{"line":186,"column":null}},"82":{"start":{"line":192,"column":8},"end":{"line":192,"column":null}},"83":{"start":{"line":197,"column":8},"end":{"line":197,"column":null}},"84":{"start":{"line":201,"column":29},"end":{"line":201,"column":149}},"85":{"start":{"line":207,"column":28},"end":{"line":207,"column":78}},"86":{"start":{"line":208,"column":8},"end":{"line":208,"column":null}},"87":{"start":{"line":208,"column":26},"end":{"line":208,"column":null}},"88":{"start":{"line":209,"column":8},"end":{"line":209,"column":null}},"89":{"start":{"line":213,"column":21},"end":{"line":213,"column":66}},"90":{"start":{"line":214,"column":8},"end":{"line":214,"column":null}},"91":{"start":{"line":214,"column":19},"end":{"line":214,"column":null}},"92":{"start":{"line":215,"column":8},"end":{"line":215,"column":null}},"93":{"start":{"line":215,"column":91},"end":{"line":215,"column":null}},"94":{"start":{"line":216,"column":8},"end":{"line":216,"column":null}},"95":{"start":{"line":220,"column":28},"end":{"line":220,"column":63}},"96":{"start":{"line":221,"column":29},"end":{"line":221,"column":149}},"97":{"start":{"line":222,"column":30},"end":{"line":222,"column":104}},"98":{"start":{"line":223,"column":8},"end":{"line":223,"column":null}},"99":{"start":{"line":223,"column":25},"end":{"line":223,"column":null}},"100":{"start":{"line":224,"column":24},"end":{"line":224,"column":47}},"101":{"start":{"line":225,"column":8},"end":{"line":225,"column":null}},"102":{"start":{"line":229,"column":8},"end":{"line":229,"column":null}},"103":{"start":{"line":78,"column":13},"end":{"line":231,"column":null}},"104":{"start":{"line":78,"column":13},"end":{"line":78,"column":24}}},"fnMap":{"0":{"name":"(anonymous_12)","decl":{"start":{"line":9,"column":0},"end":{"line":9,"column":12}},"loc":{"start":{"line":9,"column":30},"end":{"line":14,"column":1}}},"1":{"name":"(anonymous_13)","decl":{"start":{"line":16,"column":0},"end":{"line":16,"column":12}},"loc":{"start":{"line":16,"column":28},"end":{"line":19,"column":1}}},"2":{"name":"(anonymous_14)","decl":{"start":{"line":60,"column":20},"end":{"line":60,"column":21}},"loc":{"start":{"line":60,"column":73},"end":{"line":75,"column":1}}},"3":{"name":"(anonymous_15)","decl":{"start":{"line":70,"column":40},"end":{"line":70,"column":42}},"loc":{"start":{"line":70,"column":45},"end":{"line":73,"column":5}}},"4":{"name":"(anonymous_16)","decl":{"start":{"line":79,"column":4},"end":{"line":79,"column":17}},"loc":{"start":{"line":80,"column":85},"end":{"line":81,"column":5}}},"5":{"name":"(anonymous_17)","decl":{"start":{"line":83,"column":10},"end":{"line":83,"column":25}},"loc":{"start":{"line":83,"column":59},"end":{"line":111,"column":null}}},"6":{"name":"(anonymous_19)","decl":{"start":{"line":113,"column":10},"end":{"line":113,"column":20}},"loc":{"start":{"line":113,"column":51},"end":{"line":194,"column":null}}},"7":{"name":"(anonymous_21)","decl":{"start":{"line":157,"column":99},"end":{"line":157,"column":101}},"loc":{"start":{"line":157,"column":105},"end":{"line":157,"column":149}}},"8":{"name":"(anonymous_22)","decl":{"start":{"line":196,"column":10},"end":{"line":196,"column":23}},"loc":{"start":{"line":196,"column":38},"end":{"line":198,"column":null}}},"9":{"name":"(anonymous_24)","decl":{"start":{"line":200,"column":10},"end":{"line":200,"column":33}},"loc":{"start":{"line":200,"column":48},"end":{"line":203,"column":null}}},"10":{"name":"(anonymous_26)","decl":{"start":{"line":206,"column":10},"end":{"line":206,"column":26}},"loc":{"start":{"line":206,"column":41},"end":{"line":210,"column":null}}},"11":{"name":"(anonymous_28)","decl":{"start":{"line":212,"column":10},"end":{"line":212,"column":21}},"loc":{"start":{"line":212,"column":54},"end":{"line":217,"column":null}}},"12":{"name":"(anonymous_30)","decl":{"start":{"line":219,"column":10},"end":{"line":219,"column":20}},"loc":{"start":{"line":219,"column":73},"end":{"line":226,"column":null}}},"13":{"name":"(anonymous_32)","decl":{"start":{"line":228,"column":10},"end":{"line":228,"column":21}},"loc":{"start":{"line":228,"column":21},"end":{"line":230,"column":null}}}},"branchMap":{"0":{"loc":{"start":{"line":9,"column":12},"end":{"line":9,"column":null}},"type":"binary-expr","locations":[{"start":{"line":9,"column":12},"end":{"line":9,"column":30}},{"start":{"line":9,"column":12},"end":{"line":9,"column":null}}]},"1":{"loc":{"start":{"line":16,"column":12},"end":{"line":16,"column":null}},"type":"binary-expr","locations":[{"start":{"line":16,"column":12},"end":{"line":16,"column":28}},{"start":{"line":16,"column":12},"end":{"line":16,"column":null}}]},"2":{"loc":{"start":{"line":61,"column":26},"end":{"line":61,"column":100}},"type":"cond-expr","locations":[{"start":{"line":61,"column":64},"end":{"line":61,"column":80}},{"start":{"line":61,"column":83},"end":{"line":61,"column":100}}]},"3":{"loc":{"start":{"line":64,"column":4},"end":{"line":69,"column":null}},"type":"if","locations":[{"start":{"line":64,"column":4},"end":{"line":69,"column":null}},{"start":{"line":66,"column":11},"end":{"line":69,"column":null}}]},"4":{"loc":{"start":{"line":66,"column":11},"end":{"line":69,"column":null}},"type":"if","locations":[{"start":{"line":66,"column":11},"end":{"line":69,"column":null}}]},"5":{"loc":{"start":{"line":85,"column":8},"end":{"line":85,"column":null}},"type":"if","locations":[{"start":{"line":85,"column":8},"end":{"line":85,"column":null}}]},"6":{"loc":{"start":{"line":87,"column":8},"end":{"line":109,"column":null}},"type":"if","locations":[{"start":{"line":87,"column":8},"end":{"line":109,"column":null}}]},"7":{"loc":{"start":{"line":89,"column":12},"end":{"line":89,"column":null}},"type":"if","locations":[{"start":{"line":89,"column":12},"end":{"line":89,"column":null}}]},"8":{"loc":{"start":{"line":116,"column":8},"end":{"line":116,"column":null}},"type":"if","locations":[{"start":{"line":116,"column":8},"end":{"line":116,"column":null}}]},"9":{"loc":{"start":{"line":120,"column":41},"end":{"line":120,"column":104}},"type":"cond-expr","locations":[{"start":{"line":120,"column":74},"end":{"line":120,"column":87}},{"start":{"line":120,"column":90},"end":{"line":120,"column":104}}]},"10":{"loc":{"start":{"line":121,"column":30},"end":{"line":121,"column":89}},"type":"cond-expr","locations":[{"start":{"line":121,"column":63},"end":{"line":121,"column":74}},{"start":{"line":121,"column":77},"end":{"line":121,"column":89}}]},"11":{"loc":{"start":{"line":122,"column":30},"end":{"line":122,"column":91}},"type":"cond-expr","locations":[{"start":{"line":122,"column":65},"end":{"line":122,"column":76}},{"start":{"line":122,"column":79},"end":{"line":122,"column":91}}]},"12":{"loc":{"start":{"line":126,"column":8},"end":{"line":139,"column":null}},"type":"if","locations":[{"start":{"line":126,"column":8},"end":{"line":139,"column":null}}]},"13":{"loc":{"start":{"line":142,"column":8},"end":{"line":142,"column":null}},"type":"if","locations":[{"start":{"line":142,"column":8},"end":{"line":142,"column":null}}]},"14":{"loc":{"start":{"line":146,"column":26},"end":{"line":146,"column":142}},"type":"cond-expr","locations":[{"start":{"line":146,"column":89},"end":{"line":146,"column":113}},{"start":{"line":146,"column":116},"end":{"line":146,"column":142}}]},"15":{"loc":{"start":{"line":153,"column":8},"end":{"line":153,"column":null}},"type":"if","locations":[{"start":{"line":153,"column":8},"end":{"line":153,"column":null}}]},"16":{"loc":{"start":{"line":154,"column":8},"end":{"line":160,"column":null}},"type":"if","locations":[{"start":{"line":154,"column":8},"end":{"line":160,"column":null}}]},"17":{"loc":{"start":{"line":155,"column":12},"end":{"line":157,"column":151}},"type":"binary-expr","locations":[{"start":{"line":155,"column":12},"end":{"line":155,"column":68}},{"start":{"line":156,"column":12},"end":{"line":156,"column":73}},{"start":{"line":157,"column":13},"end":{"line":157,"column":67}},{"start":{"line":157,"column":71},"end":{"line":157,"column":150}}]},"18":{"loc":{"start":{"line":162,"column":8},"end":{"line":162,"column":null}},"type":"if","locations":[{"start":{"line":162,"column":8},"end":{"line":162,"column":null}}]},"19":{"loc":{"start":{"line":164,"column":8},"end":{"line":190,"column":null}},"type":"if","locations":[{"start":{"line":164,"column":8},"end":{"line":190,"column":null}}]},"20":{"loc":{"start":{"line":165,"column":12},"end":{"line":166,"column":73}},"type":"binary-expr","locations":[{"start":{"line":165,"column":12},"end":{"line":165,"column":68}},{"start":{"line":166,"column":12},"end":{"line":166,"column":73}}]},"21":{"loc":{"start":{"line":174,"column":12},"end":{"line":187,"column":null}},"type":"if","locations":[{"start":{"line":174,"column":12},"end":{"line":187,"column":null}},{"start":{"line":178,"column":19},"end":{"line":187,"column":null}}]},"22":{"loc":{"start":{"line":178,"column":19},"end":{"line":187,"column":null}},"type":"if","locations":[{"start":{"line":178,"column":19},"end":{"line":187,"column":null}},{"start":{"line":183,"column":19},"end":{"line":187,"column":null}}]},"23":{"loc":{"start":{"line":208,"column":8},"end":{"line":208,"column":null}},"type":"if","locations":[{"start":{"line":208,"column":8},"end":{"line":208,"column":null}}]},"24":{"loc":{"start":{"line":214,"column":8},"end":{"line":214,"column":null}},"type":"if","locations":[{"start":{"line":214,"column":8},"end":{"line":214,"column":null}}]},"25":{"loc":{"start":{"line":215,"column":8},"end":{"line":215,"column":null}},"type":"if","locations":[{"start":{"line":215,"column":8},"end":{"line":215,"column":null}}]},"26":{"loc":{"start":{"line":215,"column":12},"end":{"line":215,"column":89}},"type":"binary-expr","locations":[{"start":{"line":215,"column":12},"end":{"line":215,"column":47}},{"start":{"line":215,"column":51},"end":{"line":215,"column":89}}]},"27":{"loc":{"start":{"line":215,"column":51},"end":{"line":215,"column":78}},"type":"cond-expr","locations":[{"start":{"line":215,"column":74},"end":{"line":215,"column":76}},{"start":{"line":215,"column":74},"end":{"line":215,"column":78}}]},"28":{"loc":{"start":{"line":215,"column":51},"end":{"line":215,"column":76}},"type":"binary-expr","locations":[{"start":{"line":215,"column":51},"end":{"line":215,"column":76}},{"start":{"line":215,"column":74},"end":{"line":215,"column":76}}]},"29":{"loc":{"start":{"line":215,"column":51},"end":{"line":215,"column":74}},"type":"cond-expr","locations":[{"start":{"line":215,"column":68},"end":{"line":215,"column":70}},{"start":{"line":215,"column":68},"end":{"line":215,"column":74}}]},"30":{"loc":{"start":{"line":215,"column":51},"end":{"line":215,"column":70}},"type":"binary-expr","locations":[{"start":{"line":215,"column":51},"end":{"line":215,"column":70}},{"start":{"line":215,"column":68},"end":{"line":215,"column":70}}]},"31":{"loc":{"start":{"line":223,"column":8},"end":{"line":223,"column":null}},"type":"if","locations":[{"start":{"line":223,"column":8},"end":{"line":223,"column":null}}]}},"s":{"0":3,"1":3,"2":3,"3":3,"4":3,"5":3,"6":3,"7":3,"8":3,"9":3,"10":3,"11":3,"12":3,"13":3,"14":3,"15":5,"16":5,"17":5,"18":3,"19":2,"20":2,"21":5,"22":2,"23":2,"24":2,"25":5,"26":3,"27":4,"28":4,"29":14,"30":14,"31":1,"32":13,"33":13,"34":4,"35":4,"36":0,"37":4,"38":4,"39":9,"40":13,"41":13,"42":1,"43":12,"44":12,"45":12,"46":12,"47":12,"48":0,"49":0,"50":0,"51":0,"52":0,"53":0,"54":0,"55":0,"56":0,"57":0,"58":0,"59":0,"60":0,"61":0,"62":0,"63":0,"64":0,"65":0,"66":0,"67":0,"68":0,"69":0,"70":0,"71":0,"72":0,"73":0,"74":0,"75":0,"76":0,"77":0,"78":0,"79":0,"80":0,"81":0,"82":0,"83":0,"84":0,"85":8,"86":8,"87":3,"88":5,"89":2,"90":2,"91":1,"92":1,"93":1,"94":0,"95":2,"96":2,"97":2,"98":2,"99":1,"100":2,"101":2,"102":0,"103":3,"104":3},"f":{"0":3,"1":3,"2":5,"3":2,"4":4,"5":14,"6":13,"7":0,"8":0,"9":0,"10":8,"11":2,"12":2,"13":0},"b":{"0":[3,3],"1":[3,3],"2":[4,1],"3":[3,2],"4":[2],"5":[1],"6":[4],"7":[0],"8":[1],"9":[9,3],"10":[9,3],"11":[3,9],"12":[0],"13":[0],"14":[0,0],"15":[0],"16":[0],"17":[0,0,0,0],"18":[0],"19":[0],"20":[0,0],"21":[0,0],"22":[0,0],"23":[3],"24":[1],"25":[1],"26":[1,1],"27":[0,1],"28":[1,1],"29":[0,1],"30":[1,1],"31":[1]}}
,"C:\\proger\\it-incubator\\bloggers\\src\\helpers\\constants.ts": {"path":"C:\\proger\\it-incubator\\bloggers\\src\\helpers\\constants.ts","statementMap":{"0":{"start":{"line":1,"column":13},"end":{"line":1,"column":null}}},"fnMap":{},"branchMap":{},"s":{"0":3},"f":{},"b":{}}
,"C:\\proger\\it-incubator\\bloggers\\src\\repository\\db.ts": {"path":"C:\\proger\\it-incubator\\bloggers\\src\\repository\\db.ts","statementMap":{"0":{"start":{"line":1,"column":0},"end":{"line":1,"column":46}},"1":{"start":{"line":2,"column":0},"end":{"line":2,"column":37}},"2":{"start":{"line":7,"column":0},"end":{"line":7,"column":32}},"3":{"start":{"line":12,"column":13},"end":{"line":12,"column":null}},"4":{"start":{"line":13,"column":13},"end":{"line":13,"column":null}},"5":{"start":{"line":15,"column":13},"end":{"line":15,"column":null}},"6":{"start":{"line":16,"column":13},"end":{"line":16,"column":null}},"7":{"start":{"line":17,"column":13},"end":{"line":17,"column":null}},"8":{"start":{"line":18,"column":13},"end":{"line":18,"column":null}},"9":{"start":{"line":20,"column":13},"end":{"line":20,"column":null}},"10":{"start":{"line":21,"column":13},"end":{"line":21,"column":null}},"11":{"start":{"line":23,"column":29},"end":{"line":28,"column":16}},"12":{"start":{"line":29,"column":26},"end":{"line":33,"column":16}},"13":{"start":{"line":34,"column":21},"end":{"line":38,"column":16}},"14":{"start":{"line":39,"column":21},"end":{"line":48,"column":16}},"15":{"start":{"line":49,"column":22},"end":{"line":53,"column":23}},"16":{"start":{"line":54,"column":19},"end":{"line":76,"column":23}},"17":{"start":{"line":77,"column":20},"end":{"line":92,"column":23}},"18":{"start":{"line":93,"column":23},"end":{"line":106,"column":23}},"19":{"start":{"line":108,"column":23},"end":{"line":117,"column":23}},"20":{"start":{"line":119,"column":23},"end":{"line":123,"column":23}},"21":{"start":{"line":124,"column":26},"end":{"line":134,"column":23}},"22":{"start":{"line":138,"column":13},"end":{"line":138,"column":null}},"23":{"start":{"line":139,"column":13},"end":{"line":139,"column":null}},"24":{"start":{"line":140,"column":13},"end":{"line":140,"column":null}},"25":{"start":{"line":141,"column":13},"end":{"line":141,"column":null}},"26":{"start":{"line":142,"column":13},"end":{"line":142,"column":null}},"27":{"start":{"line":143,"column":13},"end":{"line":143,"column":null}},"28":{"start":{"line":144,"column":13},"end":{"line":144,"column":null}},"29":{"start":{"line":147,"column":4},"end":{"line":155,"column":null}},"30":{"start":{"line":148,"column":8},"end":{"line":148,"column":null}},"31":{"start":{"line":149,"column":8},"end":{"line":149,"column":null}},"32":{"start":{"line":150,"column":8},"end":{"line":150,"column":null}},"33":{"start":{"line":151,"column":8},"end":{"line":151,"column":null}},"34":{"start":{"line":153,"column":8},"end":{"line":153,"column":null}},"35":{"start":{"line":154,"column":8},"end":{"line":154,"column":null}},"36":{"start":{"line":146,"column":0},"end":{"line":146,"column":22}}},"fnMap":{"0":{"name":"runDb","decl":{"start":{"line":146,"column":22},"end":{"line":146,"column":27}},"loc":{"start":{"line":146,"column":27},"end":{"line":156,"column":null}}}},"branchMap":{},"s":{"0":7,"1":7,"2":7,"3":7,"4":7,"5":7,"6":7,"7":7,"8":7,"9":7,"10":7,"11":7,"12":7,"13":7,"14":7,"15":7,"16":7,"17":7,"18":7,"19":7,"20":7,"21":7,"22":7,"23":7,"24":7,"25":7,"26":7,"27":7,"28":7,"29":0,"30":0,"31":0,"32":0,"33":0,"34":0,"35":0,"36":7},"f":{"0":0},"b":{}}
,"C:\\proger\\it-incubator\\bloggers\\src\\repository\\quiz-repository.ts": {"path":"C:\\proger\\it-incubator\\bloggers\\src\\repository\\quiz-repository.ts","statementMap":{"0":{"start":{"line":1,"column":0},"end":{"line":1,"column":37}},"1":{"start":{"line":2,"column":0},"end":{"line":2,"column":58}},"2":{"start":{"line":3,"column":0},"end":{"line":3,"column":114}},"3":{"start":{"line":7,"column":0},"end":{"line":128,"column":null}},"4":{"start":{"line":9,"column":8},"end":{"line":9,"column":null}},"5":{"start":{"line":13,"column":8},"end":{"line":20,"column":null}},"6":{"start":{"line":14,"column":37},"end":{"line":14,"column":61}},"7":{"start":{"line":15,"column":12},"end":{"line":15,"column":null}},"8":{"start":{"line":16,"column":12},"end":{"line":16,"column":null}},"9":{"start":{"line":18,"column":12},"end":{"line":18,"column":null}},"10":{"start":{"line":19,"column":12},"end":{"line":19,"column":null}},"11":{"start":{"line":24,"column":8},"end":{"line":34,"column":null}},"12":{"start":{"line":39,"column":8},"end":{"line":46,"column":null}},"13":{"start":{"line":50,"column":8},"end":{"line":57,"column":null}},"14":{"start":{"line":61,"column":8},"end":{"line":61,"column":null}},"15":{"start":{"line":65,"column":8},"end":{"line":65,"column":null}},"16":{"start":{"line":69,"column":8},"end":{"line":69,"column":null}},"17":{"start":{"line":73,"column":8},"end":{"line":73,"column":null}},"18":{"start":{"line":77,"column":8},"end":{"line":77,"column":null}},"19":{"start":{"line":80,"column":7},"end":{"line":85,"column":null}},"20":{"start":{"line":92,"column":8},"end":{"line":92,"column":null}},"21":{"start":{"line":95,"column":8},"end":{"line":95,"column":null}},"22":{"start":{"line":98,"column":8},"end":{"line":98,"column":null}},"23":{"start":{"line":101,"column":8},"end":{"line":108,"column":null}},"24":{"start":{"line":102,"column":35},"end":{"line":102,"column":67}},"25":{"start":{"line":103,"column":12},"end":{"line":103,"column":null}},"26":{"start":{"line":104,"column":12},"end":{"line":104,"column":null}},"27":{"start":{"line":106,"column":12},"end":{"line":106,"column":null}},"28":{"start":{"line":107,"column":12},"end":{"line":107,"column":null}},"29":{"start":{"line":111,"column":8},"end":{"line":111,"column":null}},"30":{"start":{"line":114,"column":8},"end":{"line":114,"column":null}},"31":{"start":{"line":117,"column":8},"end":{"line":117,"column":null}},"32":{"start":{"line":120,"column":8},"end":{"line":120,"column":null}},"33":{"start":{"line":123,"column":8},"end":{"line":123,"column":null}},"34":{"start":{"line":126,"column":8},"end":{"line":126,"column":null}},"35":{"start":{"line":7,"column":13},"end":{"line":128,"column":null}},"36":{"start":{"line":7,"column":13},"end":{"line":7,"column":27}}},"fnMap":{"0":{"name":"(anonymous_8)","decl":{"start":{"line":8,"column":10},"end":{"line":8,"column":37}},"loc":{"start":{"line":8,"column":37},"end":{"line":10,"column":null}}},"1":{"name":"(anonymous_10)","decl":{"start":{"line":12,"column":10},"end":{"line":12,"column":27}},"loc":{"start":{"line":12,"column":46},"end":{"line":21,"column":null}}},"2":{"name":"(anonymous_12)","decl":{"start":{"line":23,"column":10},"end":{"line":23,"column":31}},"loc":{"start":{"line":23,"column":79},"end":{"line":35,"column":null}}},"3":{"name":"(anonymous_14)","decl":{"start":{"line":38,"column":10},"end":{"line":38,"column":26}},"loc":{"start":{"line":38,"column":41},"end":{"line":47,"column":null}}},"4":{"name":"(anonymous_16)","decl":{"start":{"line":49,"column":10},"end":{"line":49,"column":25}},"loc":{"start":{"line":49,"column":40},"end":{"line":58,"column":null}}},"5":{"name":"(anonymous_18)","decl":{"start":{"line":60,"column":10},"end":{"line":60,"column":19}},"loc":{"start":{"line":60,"column":114},"end":{"line":62,"column":null}}},"6":{"name":"(anonymous_20)","decl":{"start":{"line":64,"column":10},"end":{"line":64,"column":32}},"loc":{"start":{"line":64,"column":123},"end":{"line":66,"column":null}}},"7":{"name":"(anonymous_22)","decl":{"start":{"line":68,"column":10},"end":{"line":68,"column":20}},"loc":{"start":{"line":68,"column":37},"end":{"line":70,"column":null}}},"8":{"name":"(anonymous_24)","decl":{"start":{"line":72,"column":10},"end":{"line":72,"column":21}},"loc":{"start":{"line":72,"column":38},"end":{"line":74,"column":null}}},"9":{"name":"(anonymous_26)","decl":{"start":{"line":76,"column":10},"end":{"line":76,"column":28}},"loc":{"start":{"line":76,"column":43},"end":{"line":78,"column":null}}},"10":{"name":"(anonymous_28)","decl":{"start":{"line":79,"column":10},"end":{"line":79,"column":28}},"loc":{"start":{"line":79,"column":81},"end":{"line":86,"column":null}}},"11":{"name":"(anonymous_30)","decl":{"start":{"line":88,"column":10},"end":{"line":88,"column":31}},"loc":{"start":{"line":88,"column":46},"end":{"line":90,"column":null}}},"12":{"name":"(anonymous_32)","decl":{"start":{"line":91,"column":10},"end":{"line":91,"column":22}},"loc":{"start":{"line":91,"column":22},"end":{"line":93,"column":null}}},"13":{"name":"(anonymous_34)","decl":{"start":{"line":94,"column":10},"end":{"line":94,"column":23}},"loc":{"start":{"line":94,"column":60},"end":{"line":96,"column":null}}},"14":{"name":"(anonymous_36)","decl":{"start":{"line":97,"column":10},"end":{"line":97,"column":19}},"loc":{"start":{"line":97,"column":30},"end":{"line":99,"column":null}}},"15":{"name":"(anonymous_38)","decl":{"start":{"line":100,"column":10},"end":{"line":100,"column":22}},"loc":{"start":{"line":100,"column":41},"end":{"line":109,"column":null}}},"16":{"name":"(anonymous_40)","decl":{"start":{"line":110,"column":10},"end":{"line":110,"column":30}},"loc":{"start":{"line":110,"column":56},"end":{"line":112,"column":null}}},"17":{"name":"(anonymous_42)","decl":{"start":{"line":113,"column":10},"end":{"line":113,"column":30}},"loc":{"start":{"line":113,"column":56},"end":{"line":115,"column":null}}},"18":{"name":"(anonymous_44)","decl":{"start":{"line":116,"column":10},"end":{"line":116,"column":32}},"loc":{"start":{"line":116,"column":43},"end":{"line":118,"column":null}}},"19":{"name":"(anonymous_46)","decl":{"start":{"line":119,"column":10},"end":{"line":119,"column":31}},"loc":{"start":{"line":119,"column":42},"end":{"line":121,"column":null}}},"20":{"name":"(anonymous_48)","decl":{"start":{"line":122,"column":10},"end":{"line":122,"column":33}},"loc":{"start":{"line":122,"column":44},"end":{"line":124,"column":null}}},"21":{"name":"(anonymous_50)","decl":{"start":{"line":125,"column":10},"end":{"line":125,"column":23}},"loc":{"start":{"line":125,"column":34},"end":{"line":127,"column":null}}}},"branchMap":{},"s":{"0":3,"1":3,"2":3,"3":3,"4":16,"5":10,"6":10,"7":10,"8":10,"9":0,"10":0,"11":12,"12":27,"13":13,"14":0,"15":2,"16":0,"17":4,"18":2,"19":2,"20":0,"21":0,"22":12,"23":0,"24":0,"25":0,"26":0,"27":0,"28":0,"29":0,"30":0,"31":0,"32":0,"33":0,"34":0,"35":3,"36":3},"f":{"0":16,"1":10,"2":12,"3":27,"4":13,"5":0,"6":2,"7":0,"8":4,"9":2,"10":2,"11":0,"12":0,"13":0,"14":12,"15":0,"16":0,"17":0,"18":0,"19":0,"20":0,"21":0},"b":{}}
}
