TN:
SF:src\composition-root.ts
FNF:0
FNH:0
DA:1,3
DA:2,3
DA:3,3
DA:4,3
DA:5,3
DA:6,3
DA:7,3
DA:8,3
DA:9,3
DA:10,3
DA:11,3
DA:12,3
DA:13,3
DA:14,3
DA:15,3
DA:16,3
DA:17,3
DA:18,3
DA:19,3
DA:20,3
DA:21,3
DA:23,3
DA:24,3
DA:25,3
DA:26,3
DA:27,3
DA:28,3
DA:31,3
DA:32,3
DA:34,3
DA:36,3
DA:37,3
DA:38,3
DA:41,3
DA:43,3
DA:44,3
DA:45,3
DA:47,3
DA:48,3
DA:49,3
DA:50,3
DA:51,3
DA:52,3
DA:54,3
DA:60,3
DA:62,3
DA:63,3
DA:64,3
DA:67,3
DA:68,3
DA:69,3
DA:71,3
DA:73,3
DA:75,3
DA:76,3
DA:77,3
DA:79,3
DA:81,3
DA:82,3
DA:83,3
DA:85,3
DA:87,3
DA:88,3
DA:89,3
DA:91,3
DA:92,3
DA:93,3
DA:95,3
DA:96,3
DA:97,3
DA:99,3
DA:101,3
DA:102,3
DA:103,3
DA:105,3
DA:106,3
DA:107,3
LF:77
LH:77
BRF:0
BRH:0
end_of_record
TN:
SF:src\domain\quiz-service.ts
FN:9,(anonymous_12)
FN:16,(anonymous_13)
FN:60,(anonymous_14)
FN:70,(anonymous_15)
FN:79,(anonymous_16)
FN:83,(anonymous_17)
FN:113,(anonymous_19)
FN:157,(anonymous_21)
FN:196,(anonymous_22)
FN:200,(anonymous_24)
FN:206,(anonymous_26)
FN:212,(anonymous_28)
FN:219,(anonymous_30)
FN:228,(anonymous_32)
FNF:14
FNH:10
FNDA:3,(anonymous_12)
FNDA:3,(anonymous_13)
FNDA:5,(anonymous_14)
FNDA:2,(anonymous_15)
FNDA:4,(anonymous_16)
FNDA:14,(anonymous_17)
FNDA:13,(anonymous_19)
FNDA:0,(anonymous_21)
FNDA:0,(anonymous_22)
FNDA:0,(anonymous_24)
FNDA:8,(anonymous_26)
FNDA:2,(anonymous_28)
FNDA:2,(anonymous_30)
FNDA:0,(anonymous_32)
DA:1,3
DA:2,3
DA:3,3
DA:4,3
DA:5,3
DA:6,3
DA:7,3
DA:9,3
DA:10,3
DA:11,3
DA:12,3
DA:16,3
DA:17,3
DA:18,3
DA:60,3
DA:61,5
DA:62,5
DA:64,5
DA:65,3
DA:66,2
DA:68,2
DA:70,5
DA:71,2
DA:72,2
DA:74,5
DA:78,3
DA:79,4
DA:80,4
DA:84,14
DA:85,14
DA:86,13
DA:87,13
DA:88,4
DA:89,4
DA:90,4
DA:108,4
DA:110,9
DA:115,13
DA:116,13
DA:118,12
DA:120,12
DA:121,12
DA:122,12
DA:125,12
DA:126,0
DA:127,0
DA:138,0
DA:141,0
DA:142,0
DA:144,0
DA:150,0
DA:152,0
DA:153,0
DA:154,0
DA:157,0
DA:159,0
DA:162,0
DA:164,0
DA:167,0
DA:169,0
DA:170,0
DA:172,0
DA:173,0
DA:174,0
DA:175,0
DA:176,0
DA:177,0
DA:178,0
DA:179,0
DA:180,0
DA:181,0
DA:182,0
DA:184,0
DA:185,0
DA:186,0
DA:192,0
DA:197,0
DA:201,0
DA:207,8
DA:208,8
DA:209,5
DA:213,2
DA:214,2
DA:215,1
DA:216,0
DA:220,2
DA:221,2
DA:222,2
DA:223,2
DA:224,2
DA:225,2
DA:229,0
LF:92
LH:56
BRDA:9,0,0,3
BRDA:9,0,1,3
BRDA:16,1,0,3
BRDA:16,1,1,3
BRDA:61,2,0,4
BRDA:61,2,1,1
BRDA:64,3,0,3
BRDA:64,3,1,2
BRDA:66,4,0,2
BRDA:85,5,0,1
BRDA:87,6,0,4
BRDA:89,7,0,0
BRDA:116,8,0,1
BRDA:120,9,0,9
BRDA:120,9,1,3
BRDA:121,10,0,9
BRDA:121,10,1,3
BRDA:122,11,0,3
BRDA:122,11,1,9
BRDA:126,12,0,0
BRDA:142,13,0,0
BRDA:146,14,0,0
BRDA:146,14,1,0
BRDA:153,15,0,0
BRDA:154,16,0,0
BRDA:155,17,0,0
BRDA:155,17,1,0
BRDA:155,17,2,0
BRDA:155,17,3,0
BRDA:162,18,0,0
BRDA:164,19,0,0
BRDA:165,20,0,0
BRDA:165,20,1,0
BRDA:174,21,0,0
BRDA:174,21,1,0
BRDA:178,22,0,0
BRDA:178,22,1,0
BRDA:208,23,0,3
BRDA:214,24,0,1
BRDA:215,25,0,1
BRDA:215,26,0,1
BRDA:215,26,1,1
BRDA:215,27,0,0
BRDA:215,27,1,1
BRDA:215,28,0,1
BRDA:215,28,1,1
BRDA:215,29,0,0
BRDA:215,29,1,1
BRDA:215,30,0,1
BRDA:215,30,1,1
BRDA:223,31,0,1
BRF:51
BRH:30
end_of_record
TN:
SF:src\helpers\constants.ts
FNF:0
FNH:0
DA:1,3
LF:1
LH:1
BRF:0
BRH:0
end_of_record
TN:
SF:src\repository\db.ts
FN:146,runDb
FNF:1
FNH:0
FNDA:0,runDb
DA:1,7
DA:2,7
DA:7,7
DA:12,7
DA:13,7
DA:15,7
DA:16,7
DA:17,7
DA:18,7
DA:20,7
DA:21,7
DA:23,7
DA:29,7
DA:34,7
DA:39,7
DA:49,7
DA:54,7
DA:77,7
DA:93,7
DA:108,7
DA:119,7
DA:124,7
DA:138,7
DA:139,7
DA:140,7
DA:141,7
DA:142,7
DA:143,7
DA:144,7
DA:146,7
DA:147,0
DA:148,0
DA:149,0
DA:150,0
DA:151,0
DA:153,0
DA:154,0
LF:37
LH:30
BRF:0
BRH:0
end_of_record
TN:
SF:src\repository\quiz-repository.ts
FN:8,(anonymous_8)
FN:12,(anonymous_10)
FN:23,(anonymous_12)
FN:38,(anonymous_14)
FN:49,(anonymous_16)
FN:60,(anonymous_18)
FN:64,(anonymous_20)
FN:68,(anonymous_22)
FN:72,(anonymous_24)
FN:76,(anonymous_26)
FN:79,(anonymous_28)
FN:88,(anonymous_30)
FN:91,(anonymous_32)
FN:94,(anonymous_34)
FN:97,(anonymous_36)
FN:100,(anonymous_38)
FN:110,(anonymous_40)
FN:113,(anonymous_42)
FN:116,(anonymous_44)
FN:119,(anonymous_46)
FN:122,(anonymous_48)
FN:125,(anonymous_50)
FNF:22
FNH:10
FNDA:16,(anonymous_8)
FNDA:10,(anonymous_10)
FNDA:12,(anonymous_12)
FNDA:27,(anonymous_14)
FNDA:13,(anonymous_16)
FNDA:0,(anonymous_18)
FNDA:2,(anonymous_20)
FNDA:0,(anonymous_22)
FNDA:4,(anonymous_24)
FNDA:2,(anonymous_26)
FNDA:2,(anonymous_28)
FNDA:0,(anonymous_30)
FNDA:0,(anonymous_32)
FNDA:0,(anonymous_34)
FNDA:12,(anonymous_36)
FNDA:0,(anonymous_38)
FNDA:0,(anonymous_40)
FNDA:0,(anonymous_42)
FNDA:0,(anonymous_44)
FNDA:0,(anonymous_46)
FNDA:0,(anonymous_48)
FNDA:0,(anonymous_50)
DA:1,3
DA:2,3
DA:3,3
DA:7,3
DA:9,16
DA:13,10
DA:14,10
DA:15,10
DA:16,10
DA:18,0
DA:19,0
DA:24,12
DA:39,27
DA:50,13
DA:61,0
DA:65,2
DA:69,0
DA:73,4
DA:77,2
DA:80,2
DA:92,0
DA:95,0
DA:98,12
DA:101,0
DA:102,0
DA:103,0
DA:104,0
DA:106,0
DA:107,0
DA:111,0
DA:114,0
DA:117,0
DA:120,0
DA:123,0
DA:126,0
LF:35
LH:17
BRF:0
BRH:0
end_of_record
