TN:
SF:src\composition-root.ts
FNF:0
FNH:0
DA:1,3
DA:2,3
DA:3,3
DA:4,3
DA:5,3
DA:6,3
DA:7,3
DA:8,3
DA:9,3
DA:10,3
DA:11,3
DA:12,3
DA:13,3
DA:14,3
DA:15,3
DA:16,3
DA:17,3
DA:18,3
DA:19,3
DA:20,3
DA:21,3
DA:23,3
DA:24,3
DA:25,3
DA:26,3
DA:27,3
DA:28,3
DA:31,3
DA:32,3
DA:34,3
DA:36,3
DA:37,3
DA:38,3
DA:41,3
DA:43,3
DA:44,3
DA:45,3
DA:47,3
DA:48,3
DA:49,3
DA:50,3
DA:51,3
DA:52,3
DA:54,3
DA:60,3
DA:62,3
DA:63,3
DA:64,3
DA:67,3
DA:68,3
DA:69,3
DA:71,3
DA:73,3
DA:75,3
DA:76,3
DA:77,3
DA:79,3
DA:81,3
DA:82,3
DA:83,3
DA:85,3
DA:87,3
DA:88,3
DA:89,3
DA:91,3
DA:92,3
DA:93,3
DA:95,3
DA:96,3
DA:97,3
DA:99,3
DA:101,3
DA:102,3
DA:103,3
DA:105,3
DA:106,3
DA:107,3
LF:77
LH:77
BRF:0
BRH:0
end_of_record
TN:
SF:src\domain\quiz-service.ts
FN:9,(anonymous_12)
FN:16,(anonymous_13)
FN:50,(anonymous_14)
FN:60,(anonymous_15)
FN:69,(anonymous_16)
FN:73,(anonymous_17)
FN:103,(anonymous_19)
FN:130,(anonymous_21)
FN:145,(anonymous_22)
FN:151,(anonymous_24)
FN:158,(anonymous_26)
FN:167,(anonymous_28)
FNF:12
FNH:11
FNDA:3,(anonymous_12)
FNDA:3,(anonymous_13)
FNDA:20,(anonymous_14)
FNDA:57,(anonymous_15)
FNDA:4,(anonymous_16)
FNDA:16,(anonymous_17)
FNDA:59,(anonymous_19)
FNDA:13,(anonymous_21)
FNDA:19,(anonymous_22)
FNDA:7,(anonymous_24)
FNDA:3,(anonymous_26)
FNDA:0,(anonymous_28)
DA:1,3
DA:2,3
DA:3,3
DA:4,3
DA:5,3
DA:6,3
DA:7,3
DA:9,3
DA:10,3
DA:11,3
DA:12,3
DA:16,3
DA:17,3
DA:18,3
DA:50,3
DA:51,20
DA:52,20
DA:54,20
DA:55,3
DA:56,17
DA:58,11
DA:60,20
DA:61,57
DA:62,57
DA:64,20
DA:68,3
DA:69,4
DA:70,4
DA:74,16
DA:75,16
DA:76,15
DA:77,15
DA:78,5
DA:79,5
DA:80,5
DA:98,5
DA:100,10
DA:105,59
DA:106,59
DA:108,58
DA:110,58
DA:111,58
DA:112,58
DA:114,58
DA:115,58
DA:117,57
DA:123,57
DA:125,57
DA:126,57
DA:127,57
DA:130,13
DA:132,3
DA:135,57
DA:137,57
DA:139,5
DA:141,57
DA:146,19
DA:147,19
DA:148,15
DA:152,7
DA:153,7
DA:154,6
DA:155,5
DA:159,3
DA:160,3
DA:161,3
DA:162,3
DA:163,3
DA:164,3
DA:168,0
LF:70
LH:69
BRDA:9,0,0,3
BRDA:9,0,1,3
BRDA:16,1,0,3
BRDA:16,1,1,3
BRDA:51,2,0,16
BRDA:51,2,1,4
BRDA:54,3,0,3
BRDA:54,3,1,17
BRDA:56,4,0,11
BRDA:75,5,0,1
BRDA:77,6,0,5
BRDA:79,7,0,0
BRDA:106,8,0,1
BRDA:110,9,0,33
BRDA:110,9,1,25
BRDA:111,10,0,33
BRDA:111,10,1,25
BRDA:112,11,0,25
BRDA:112,11,1,33
BRDA:115,12,0,1
BRDA:119,13,0,24
BRDA:119,13,1,33
BRDA:126,14,0,24
BRDA:127,15,0,3
BRDA:128,16,0,57
BRDA:128,16,1,11
BRDA:128,16,2,6
BRDA:128,16,3,4
BRDA:135,17,0,25
BRDA:137,18,0,5
BRDA:138,19,0,57
BRDA:138,19,1,11
BRDA:147,20,0,4
BRDA:153,21,0,1
BRDA:154,22,0,1
BRDA:154,23,0,6
BRDA:154,23,1,2
BRDA:154,24,0,0
BRDA:154,24,1,2
BRDA:154,25,0,2
BRDA:154,25,1,2
BRDA:154,26,0,0
BRDA:154,26,1,2
BRDA:154,27,0,2
BRDA:154,27,1,2
BRDA:162,28,0,2
BRF:46
BRH:43
end_of_record
TN:
SF:src\helpers\constants.ts
FNF:0
FNH:0
DA:1,3
LF:1
LH:1
BRF:0
BRH:0
end_of_record
TN:
SF:src\repository\bloggers-repository.ts
FN:9,(anonymous_8)
FN:24,(anonymous_10)
FN:31,(anonymous_12)
FN:41,(anonymous_14)
FN:47,(anonymous_16)
FN:53,(anonymous_18)
FN:58,(anonymous_20)
FN:60,(anonymous_21)
FNF:8
FNH:6
FNDA:2,(anonymous_8)
FNDA:3,(anonymous_10)
FNDA:2,(anonymous_12)
FNDA:2,(anonymous_14)
FNDA:1,(anonymous_16)
FNDA:1,(anonymous_18)
FNDA:0,(anonymous_20)
FNDA:0,(anonymous_21)
DA:1,5
DA:4,5
DA:5,5
DA:6,5
DA:8,5
DA:11,2
DA:12,2
DA:13,0
DA:15,2
DA:17,2
DA:21,2
DA:22,2
DA:25,3
DA:26,2
DA:27,2
DA:28,2
DA:32,2
DA:33,2
DA:34,2
DA:35,2
DA:37,0
DA:38,0
DA:42,2
DA:43,1
DA:44,1
DA:45,1
DA:48,1
DA:49,1
DA:50,1
DA:51,1
DA:54,1
DA:55,1
DA:56,1
DA:58,1
DA:59,0
DA:60,0
DA:61,0
DA:62,0
DA:65,0
DA:67,1
LF:40
LH:32
BRDA:12,0,0,0
BRDA:25,1,0,1
BRDA:27,2,0,0
BRDA:42,3,0,1
BRDA:44,4,0,0
BRDA:48,5,0,0
BRDA:50,6,0,0
BRDA:59,7,0,0
BRDA:61,8,0,0
BRF:9
BRH:2
end_of_record
TN:
SF:src\repository\db.ts
FN:133,runDb
FNF:1
FNH:0
FNDA:0,runDb
DA:1,7
DA:2,7
DA:7,7
DA:12,7
DA:13,7
DA:15,7
DA:16,7
DA:17,7
DA:18,7
DA:20,7
DA:21,7
DA:23,7
DA:29,7
DA:34,7
DA:39,7
DA:49,7
DA:54,7
DA:77,7
DA:93,7
DA:108,7
DA:119,7
DA:125,7
DA:126,7
DA:127,7
DA:128,7
DA:129,7
DA:131,7
DA:133,7
DA:134,0
DA:135,0
DA:136,0
DA:137,0
DA:138,0
DA:140,0
DA:141,0
LF:35
LH:28
BRF:0
BRH:0
end_of_record
TN:
SF:src\repository\quiz-repository.ts
FN:8,(anonymous_8)
FN:12,(anonymous_10)
FN:23,(anonymous_12)
FN:38,(anonymous_14)
FN:49,(anonymous_16)
FN:60,(anonymous_18)
FN:66,(anonymous_20)
FN:70,(anonymous_22)
FN:74,(anonymous_24)
FN:78,(anonymous_26)
FN:81,(anonymous_28)
FN:90,(anonymous_30)
FNF:12
FNH:11
FNDA:18,(anonymous_8)
FNDA:11,(anonymous_10)
FNDA:13,(anonymous_12)
FNDA:40,(anonymous_14)
FNDA:59,(anonymous_16)
FNDA:57,(anonymous_18)
FNDA:27,(anonymous_20)
FNDA:5,(anonymous_22)
FNDA:9,(anonymous_24)
FNDA:3,(anonymous_26)
FNDA:3,(anonymous_28)
FNDA:0,(anonymous_30)
DA:1,3
DA:2,3
DA:3,3
DA:7,3
DA:9,18
DA:13,11
DA:14,11
DA:15,11
DA:16,11
DA:18,0
DA:19,0
DA:24,13
DA:39,40
DA:50,59
DA:63,57
DA:67,27
DA:71,5
DA:75,9
DA:79,3
DA:82,3
DA:91,0
LF:21
LH:18
BRF:0
BRH:0
end_of_record
